[debug] [2021-10-24T21:50:50.697Z] ----------------------------------------------------------------------
[debug] [2021-10-24T21:50:50.699Z] Command:       C:\dev\node-js\node.exe C:\Users\andre\AppData\Roaming\npm\node_modules\firebase-tools\lib\bin\firebase.js deploy
[debug] [2021-10-24T21:50:50.699Z] CLI Version:   9.20.0
[debug] [2021-10-24T21:50:50.700Z] Platform:      win32
[debug] [2021-10-24T21:50:50.700Z] Node Version:  v15.3.0
[debug] [2021-10-24T21:50:50.701Z] Time:          Sun Oct 24 2021 15:50:50 GMT-0600 (hora estándar central)
[debug] [2021-10-24T21:50:50.701Z] ----------------------------------------------------------------------
[debug] 
[debug] [2021-10-24T21:50:50.752Z] > command requires scopes: ["email","openid","https://www.googleapis.com/auth/cloudplatformprojects.readonly","https://www.googleapis.com/auth/firebase","https://www.googleapis.com/auth/cloud-platform"]
[debug] [2021-10-24T21:50:50.752Z] > authorizing via signed-in user (proyectoapps12391@gmail.com)
[debug] [2021-10-24T21:50:50.752Z] [iam] checking project proyectoeducacion-be31a for permissions ["firebase.projects.get","firebasehosting.sites.update"]
[debug] [2021-10-24T21:50:50.754Z] >>> HTTP REQUEST POST https://cloudresourcemanager.googleapis.com/v1/projects/proyectoeducacion-be31a:testIamPermissions  
 {"permissions":["firebase.projects.get","firebasehosting.sites.update"]}
[debug] [2021-10-24T21:50:51.607Z] <<< HTTP RESPONSE 200 {"content-type":"application/json; charset=UTF-8","vary":"X-Origin, Referer, Origin,Accept-Encoding","date":"Sun, 24 Oct 2021 21:50:51 GMT","server":"ESF","cache-control":"private","x-xss-protection":"0","x-frame-options":"SAMEORIGIN","x-content-type-options":"nosniff","server-timing":"gfet4t7; dur=94","alt-svc":"h3=\":443\"; ma=2592000,h3-29=\":443\"; ma=2592000,h3-Q050=\":443\"; ma=2592000,h3-Q046=\":443\"; ma=2592000,h3-Q043=\":443\"; ma=2592000","accept-ranges":"none","transfer-encoding":"chunked"}
[debug] [2021-10-24T21:50:51.608Z] > refreshing access token with scopes: []
[debug] [2021-10-24T21:50:51.609Z] >>> HTTP REQUEST POST https://www.googleapis.com/oauth2/v3/token  
 <request body omitted>
[debug] [2021-10-24T21:50:52.899Z] <<< HTTP RESPONSE 200 {"pragma":"no-cache","date":"Sun, 24 Oct 2021 21:50:52 GMT","expires":"Mon, 01 Jan 1990 00:00:00 GMT","cache-control":"no-cache, no-store, max-age=0, must-revalidate","content-type":"application/json; charset=utf-8","vary":"X-Origin, Referer, Origin,Accept-Encoding","server":"scaffolding on HTTPServer2","x-xss-protection":"0","x-frame-options":"SAMEORIGIN","x-content-type-options":"nosniff","alt-svc":"h3=\":443\"; ma=2592000,h3-29=\":443\"; ma=2592000,h3-Q050=\":443\"; ma=2592000,h3-Q046=\":443\"; ma=2592000,h3-Q043=\":443\"; ma=2592000","accept-ranges":"none","transfer-encoding":"chunked"}
[debug] [2021-10-24T21:50:52.910Z] >>> [apiv2][query] GET https://firebase.googleapis.com/v1beta1/projects/proyectoeducacion-be31a [none]
[debug] [2021-10-24T21:50:54.924Z] <<< [apiv2][status] GET https://firebase.googleapis.com/v1beta1/projects/proyectoeducacion-be31a 200
[debug] [2021-10-24T21:50:54.924Z] <<< [apiv2][body] GET https://firebase.googleapis.com/v1beta1/projects/proyectoeducacion-be31a {"projectId":"proyectoeducacion-be31a","projectNumber":"1041439447141","displayName":"ProyectoEducacion","name":"projects/proyectoeducacion-be31a","resources":{"hostingSite":"proyectoeducacion-be31a","realtimeDatabaseInstance":"proyectoeducacion-be31a-default-rtdb"},"state":"ACTIVE"}
[info] 
[info] === Deploying to 'proyectoeducacion-be31a'...
[info] 
[info] i  deploying hosting 
[debug] [2021-10-24T21:50:54.928Z] > refreshing access token with scopes: ["email","https://www.googleapis.com/auth/cloud-platform","https://www.googleapis.com/auth/cloudplatformprojects.readonly","https://www.googleapis.com/auth/firebase","openid"]
[debug] [2021-10-24T21:50:54.928Z] >>> HTTP REQUEST POST https://www.googleapis.com/oauth2/v3/token  
 <request body omitted>
[debug] [2021-10-24T21:50:57.268Z] <<< HTTP RESPONSE 200 {"pragma":"no-cache","date":"Sun, 24 Oct 2021 21:50:57 GMT","expires":"Mon, 01 Jan 1990 00:00:00 GMT","cache-control":"no-cache, no-store, max-age=0, must-revalidate","content-type":"application/json; charset=utf-8","vary":"X-Origin, Referer, Origin,Accept-Encoding","server":"scaffolding on HTTPServer2","x-xss-protection":"0","x-frame-options":"SAMEORIGIN","x-content-type-options":"nosniff","alt-svc":"h3=\":443\"; ma=2592000,h3-29=\":443\"; ma=2592000,h3-Q050=\":443\"; ma=2592000,h3-Q046=\":443\"; ma=2592000,h3-Q043=\":443\"; ma=2592000","accept-ranges":"none","transfer-encoding":"chunked"}
[debug] [2021-10-24T21:50:57.276Z] >>> HTTP REQUEST POST https://firebasehosting.googleapis.com/v1beta1/sites/proyectoeducacion-be31a/versions  
 {"config":{"rewrites":[{"glob":"**","path":"/index.html"}]},"labels":{"deployment-tool":"cli-firebase"}}
[debug] [2021-10-24T21:50:58.631Z] <<< HTTP RESPONSE 200 {"content-type":"application/json; charset=UTF-8","vary":"X-Origin, Referer, Origin,Accept-Encoding","date":"Sun, 24 Oct 2021 21:50:58 GMT","server":"ESF","cache-control":"private","x-xss-protection":"0","x-frame-options":"SAMEORIGIN","x-content-type-options":"nosniff","alt-svc":"h3=\":443\"; ma=2592000,h3-29=\":443\"; ma=2592000,h3-Q050=\":443\"; ma=2592000,h3-Q046=\":443\"; ma=2592000,h3-Q043=\":443\"; ma=2592000","accept-ranges":"none","transfer-encoding":"chunked"}
[info] i  hosting[proyectoeducacion-be31a]: beginning deploy... 
[info] i  hosting[proyectoeducacion-be31a]: found 40 files in build 
[debug] [2021-10-24T21:50:59.260Z] > refreshing access token with scopes: []
[debug] [2021-10-24T21:50:59.260Z] >>> HTTP REQUEST POST https://www.googleapis.com/oauth2/v3/token  
 <request body omitted>
[debug] [2021-10-24T21:50:59.262Z] [hosting] hash cache [YnVpbGQ] stored for 40 files
[debug] [2021-10-24T21:50:59.262Z] [hosting][hash queue][FINAL] {"max":606,"min":25,"avg":62.45,"active":0,"complete":40,"success":40,"errored":0,"retried":0,"total":40,"elapsed":614}
[debug] [2021-10-24T21:51:00.971Z] <<< HTTP RESPONSE 200 {"pragma":"no-cache","date":"Sun, 24 Oct 2021 21:51:00 GMT","cache-control":"no-cache, no-store, max-age=0, must-revalidate","expires":"Mon, 01 Jan 1990 00:00:00 GMT","content-type":"application/json; charset=utf-8","vary":"X-Origin, Referer, Origin,Accept-Encoding","server":"scaffolding on HTTPServer2","x-xss-protection":"0","x-frame-options":"SAMEORIGIN","x-content-type-options":"nosniff","alt-svc":"h3=\":443\"; ma=2592000,h3-29=\":443\"; ma=2592000,h3-Q050=\":443\"; ma=2592000,h3-Q046=\":443\"; ma=2592000,h3-Q043=\":443\"; ma=2592000","accept-ranges":"none","transfer-encoding":"chunked"}
[debug] [2021-10-24T21:51:00.982Z] >>> [apiv2][query] POST https://firebasehosting.googleapis.com/v1beta1/sites/proyectoeducacion-be31a/versions/4136b5334907ff6b:populateFiles [none]
[debug] [2021-10-24T21:51:00.982Z] >>> [apiv2][body] POST https://firebasehosting.googleapis.com/v1beta1/sites/proyectoeducacion-be31a/versions/4136b5334907ff6b:populateFiles {"files":{"/asset-manifest.json":"cff03e74858aba7c006b3e4c2403f9f76843415696f8e0c522bd9b90a2622fd4","/manifest.json":"5c997de1364b8be939319fa9209abd77f2caf7f8844999a9e2e9173f844e7840","/index.html":"63b816c0feaf98f8496e152dfaac5a5935920fdeaf110b269ea6b3ba73fd8136","/robots.txt":"b2090cf9761ef60aa06e4fab97679bd43dfa5e5df073701ead5879d7c68f1ec5","/static/css/main.14eb4bc7.chunk.css":"b48c3f7b7498ce180d0b32bf3473b702e0d2b91284efb10f32e1b65b70a41f12","/static/js/2.c86f5cdc.chunk.js.LICENSE.txt":"b0e08cf527a17814cc724ec160d8696756cc7804b42126bd31143ccab911b536","/static/css/main.14eb4bc7.chunk.css.map":"ae0bbef058ec223753f6eb5a385cf0f70abf89ece143d788fb0dcbf1cd95d40a","/static/js/main.1c563494.chunk.js":"5b8c2119a51ce7243c823edb809ce420c469b7f44c350366c9b96daa43a8d739","/static/js/runtime-main.1cd41197.js":"2f7716941f2515ca044a86fe606f51ef1600cc9a4cfab06423ba31b287b49fab","/static/js/runtime-main.1cd41197.js.map":"4b342c329c1f3bae7228ae8c7b7369f1b00eb6be09f8cee56c7f37df94773304","/static/media/arrow.7fac200e.svg":"cba8bb9de2b55410288e8226b46187468f8b15ac952809001cf2c4c2bcc39037","/static/media/contact.684fe6f9.svg":"faf5d5aea63cdae7d8472cd6473d5bad303bf270f87e209fc61e47a4e82994fe","/static/media/email.51b08bcb.png":"1976dcf5c91f3dda8f9772592cdfabc932f3967601060ca3727f6874e7e2f103","/static/js/main.1c563494.chunk.js.map":"ee6c5386c327cdaabc72ffead62c6fbce46b4fa1a9e859fc20c88cfadda1ba61","/static/media/mi_futuro.5b50783f.png":"f947dd9ed23eb24d2820fd086d90ecc257ee615d7f3aa84bf1705179cf554734","/static/media/money.3667b555.png":"0026d45b0a6824f9a6a815eb68b27f44e6e677649919478bb262be49f96f1837","/static/media/phone.5debae2e.png":"c8168fc36e5b04492228a380be556afcec4a5e199f74c035aa4eb6072054af31","/static/media/play-button.df3b1928.svg":"90ce05d72106c41a5beee63f537fe23a61cffae166b2e49aa3d55cd793f5c6b6","/static/media/share.90469abb.svg":"0177bc765beea25326ec027616d47f4d74d6ad8613c609daa2f2d55067fcc29f","/static/media/office-building.f942e633.png":"c62053ea6c6bc3f5aa81825c2518662065c0c7f7f0fe7c8db1cd3f4cc9362d16","/static/media/pin.64af410c.png":"88ae32d1342d3268211229de9028f86132e7a783ef38f5ff2b961f154013edb0","/logo192.png":"25d6515f888026db95bd5f808487b273208c116ff131e17c4d60c45ec511e687","/logo512.png":"25d6515f888026db95bd5f808487b273208c116ff131e17c4d60c45ec511e687","/static/media/clock.17bdc628.png":"31d8d899801ea0bb4b2b2d9c96f62cd69da13d29ed9f932712462ec52535f65e","/static/media/logo.c0cc62f1.png":"b634a80b8e0110adcae162fe161ed2fe87b8f37ce0bcbf90b23ff1cf9fa08559","/static/media/no-data.df9d404a.png":"ecf8650efa9590cf036c088b607c26a29190b9241eec16f586385f0b946c1172","/static/css/2.d5e620ed.chunk.css":"484c8cd38bd844f6f60c005e6fde90c787bea75ee7395ad26ddf2b64458ffb6c","/static/media/becas_header.ff0d27f0.jpg":"cb2aa95fce1701edafad670841d17722c86bdee3876001c3b3c8111207c68dc2","/static/media/logoUVG.4cc49e23.jpg":"0b16c810e31969e0edcd27a410dbb303101611bd3b8d3df45ab6e7732fd71479","/static/media/becaFJBG.d88b1c93.jpg":"fc84781052bf907a5240be9df064a5767db99b171d7b7c41e139d6e05e302150","/favicon.ico":"9060a8c307bd1b983415475735443136aae22fc2f532cde0a72d747d45cd6c02","/static/media/work.80fa30f0.jpg":"2b24927032b4efa07ccb5f9e7d63c878f37631968b5ad68466794b5af3996d2d","/static/js/2.c86f5cdc.chunk.js":"3fd351d3e4f74f9d004f225ccfe41c3325dc35c17205d0f350995ba139d5424b","/static/media/graduated.8d136252.jpg":"d5225b990aff39ba3a89276a548f971e914a7179b8e1cdd17fc78966936ac308","/static/css/2.d5e620ed.chunk.css.map":"516ac36ec8f041e421f38485042a3bd16c1b3de3100a08b69787b847abdb3be9","/static/media/study.f1fabbf4.png":"3ec3854fad50fde809204e6fa84a8aa1b608f26887ca2f514b9bad6873b47b3f","/static/media/work.b746f143.png":"333ca748c0ce265d8c7e06ce65cf8c692f408c35c7b66e169ba25dd09989ab3d","/static/media/becas3.e15ca19b.jpg":"0da17168623c195b1165172e1a7e3be88b923c5075f23305b645962b86358e4b","/static/js/2.c86f5cdc.chunk.js.map":"bd1696b54d3afb36e7e9aa911bed38cc6cfa10b4e02d244c67c7236bf273400a","/static/media/becas2.fec93f19.jpg":"04e17f8b610392a40aa998b65988f19848618c033405472e9285f552f98f04af"}}
[debug] [2021-10-24T21:51:02.978Z] <<< [apiv2][status] POST https://firebasehosting.googleapis.com/v1beta1/sites/proyectoeducacion-be31a/versions/4136b5334907ff6b:populateFiles 200
[debug] [2021-10-24T21:51:02.979Z] <<< [apiv2][body] POST https://firebasehosting.googleapis.com/v1beta1/sites/proyectoeducacion-be31a/versions/4136b5334907ff6b:populateFiles {"uploadRequiredHashes":["9060a8c307bd1b983415475735443136aae22fc2f532cde0a72d747d45cd6c02","4b342c329c1f3bae7228ae8c7b7369f1b00eb6be09f8cee56c7f37df94773304","faf5d5aea63cdae7d8472cd6473d5bad303bf270f87e209fc61e47a4e82994fe","f947dd9ed23eb24d2820fd086d90ecc257ee615d7f3aa84bf1705179cf554734","31d8d899801ea0bb4b2b2d9c96f62cd69da13d29ed9f932712462ec52535f65e","c8168fc36e5b04492228a380be556afcec4a5e199f74c035aa4eb6072054af31","63b816c0feaf98f8496e152dfaac5a5935920fdeaf110b269ea6b3ba73fd8136","90ce05d72106c41a5beee63f537fe23a61cffae166b2e49aa3d55cd793f5c6b6","b634a80b8e0110adcae162fe161ed2fe87b8f37ce0bcbf90b23ff1cf9fa08559","3fd351d3e4f74f9d004f225ccfe41c3325dc35c17205d0f350995ba139d5424b","b2090cf9761ef60aa06e4fab97679bd43dfa5e5df073701ead5879d7c68f1ec5","0177bc765beea25326ec027616d47f4d74d6ad8613c609daa2f2d55067fcc29f","25d6515f888026db95bd5f808487b273208c116ff131e17c4d60c45ec511e687","5c997de1364b8be939319fa9209abd77f2caf7f8844999a9e2e9173f844e7840","2b24927032b4efa07ccb5f9e7d63c878f37631968b5ad68466794b5af3996d2d","5b8c2119a51ce7243c823edb809ce420c469b7f44c350366c9b96daa43a8d739","cba8bb9de2b55410288e8226b46187468f8b15ac952809001cf2c4c2bcc39037","bd1696b54d3afb36e7e9aa911bed38cc6cfa10b4e02d244c67c7236bf273400a","d5225b990aff39ba3a89276a548f971e914a7179b8e1cdd17fc78966936ac308","ee6c5386c327cdaabc72ffead62c6fbce46b4fa1a9e859fc20c88cfadda1ba61","0b16c810e31969e0edcd27a410dbb303101611bd3b8d3df45ab6e7732fd71479","ecf8650efa9590cf036c088b607c26a29190b9241eec16f586385f0b946c1172","0da17168623c195b1165172e1a7e3be88b923c5075f23305b645962b86358e4b","2f7716941f2515ca044a86fe606f51ef1600cc9a4cfab06423ba31b287b49fab","484c8cd38bd844f6f60c005e6fde90c787bea75ee7395ad26ddf2b64458ffb6c","fc84781052bf907a5240be9df064a5767db99b171d7b7c41e139d6e05e302150","b0e08cf527a17814cc724ec160d8696756cc7804b42126bd31143ccab911b536","3ec3854fad50fde809204e6fa84a8aa1b608f26887ca2f514b9bad6873b47b3f","cff03e74858aba7c006b3e4c2403f9f76843415696f8e0c522bd9b90a2622fd4","0026d45b0a6824f9a6a815eb68b27f44e6e677649919478bb262be49f96f1837","b48c3f7b7498ce180d0b32bf3473b702e0d2b91284efb10f32e1b65b70a41f12","ae0bbef058ec223753f6eb5a385cf0f70abf89ece143d788fb0dcbf1cd95d40a","88ae32d1342d3268211229de9028f86132e7a783ef38f5ff2b961f154013edb0","333ca748c0ce265d8c7e06ce65cf8c692f408c35c7b66e169ba25dd09989ab3d","cb2aa95fce1701edafad670841d17722c86bdee3876001c3b3c8111207c68dc2","04e17f8b610392a40aa998b65988f19848618c033405472e9285f552f98f04af","c62053ea6c6bc3f5aa81825c2518662065c0c7f7f0fe7c8db1cd3f4cc9362d16","1976dcf5c91f3dda8f9772592cdfabc932f3967601060ca3727f6874e7e2f103","516ac36ec8f041e421f38485042a3bd16c1b3de3100a08b69787b847abdb3be9"],"uploadUrl":"https://upload-firebasehosting.googleapis.com/upload/sites/proyectoeducacion-be31a/versions/4136b5334907ff6b/files"}
[debug] [2021-10-24T21:51:02.986Z] >>> [apiv2][query] POST https://upload-firebasehosting.googleapis.com/upload/sites/proyectoeducacion-be31a/versions/4136b5334907ff6b/files/9060a8c307bd1b983415475735443136aae22fc2f532cde0a72d747d45cd6c02 [none]
[debug] [2021-10-24T21:51:02.986Z] >>> [apiv2][body] POST https://upload-firebasehosting.googleapis.com/upload/sites/proyectoeducacion-be31a/versions/4136b5334907ff6b/files/9060a8c307bd1b983415475735443136aae22fc2f532cde0a72d747d45cd6c02 [stream]
[debug] [2021-10-24T21:51:02.988Z] >>> [apiv2][query] POST https://upload-firebasehosting.googleapis.com/upload/sites/proyectoeducacion-be31a/versions/4136b5334907ff6b/files/4b342c329c1f3bae7228ae8c7b7369f1b00eb6be09f8cee56c7f37df94773304 [none]
[debug] [2021-10-24T21:51:02.988Z] >>> [apiv2][body] POST https://upload-firebasehosting.googleapis.com/upload/sites/proyectoeducacion-be31a/versions/4136b5334907ff6b/files/4b342c329c1f3bae7228ae8c7b7369f1b00eb6be09f8cee56c7f37df94773304 [stream]
[debug] [2021-10-24T21:51:02.990Z] >>> [apiv2][query] POST https://upload-firebasehosting.googleapis.com/upload/sites/proyectoeducacion-be31a/versions/4136b5334907ff6b/files/faf5d5aea63cdae7d8472cd6473d5bad303bf270f87e209fc61e47a4e82994fe [none]
[debug] [2021-10-24T21:51:02.990Z] >>> [apiv2][body] POST https://upload-firebasehosting.googleapis.com/upload/sites/proyectoeducacion-be31a/versions/4136b5334907ff6b/files/faf5d5aea63cdae7d8472cd6473d5bad303bf270f87e209fc61e47a4e82994fe [stream]
[debug] [2021-10-24T21:51:02.992Z] >>> [apiv2][query] POST https://upload-firebasehosting.googleapis.com/upload/sites/proyectoeducacion-be31a/versions/4136b5334907ff6b/files/f947dd9ed23eb24d2820fd086d90ecc257ee615d7f3aa84bf1705179cf554734 [none]
[debug] [2021-10-24T21:51:02.992Z] >>> [apiv2][body] POST https://upload-firebasehosting.googleapis.com/upload/sites/proyectoeducacion-be31a/versions/4136b5334907ff6b/files/f947dd9ed23eb24d2820fd086d90ecc257ee615d7f3aa84bf1705179cf554734 [stream]
[debug] [2021-10-24T21:51:02.995Z] >>> [apiv2][query] POST https://upload-firebasehosting.googleapis.com/upload/sites/proyectoeducacion-be31a/versions/4136b5334907ff6b/files/31d8d899801ea0bb4b2b2d9c96f62cd69da13d29ed9f932712462ec52535f65e [none]
[debug] [2021-10-24T21:51:02.995Z] >>> [apiv2][body] POST https://upload-firebasehosting.googleapis.com/upload/sites/proyectoeducacion-be31a/versions/4136b5334907ff6b/files/31d8d899801ea0bb4b2b2d9c96f62cd69da13d29ed9f932712462ec52535f65e [stream]
[debug] [2021-10-24T21:51:02.998Z] >>> [apiv2][query] POST https://upload-firebasehosting.googleapis.com/upload/sites/proyectoeducacion-be31a/versions/4136b5334907ff6b/files/c8168fc36e5b04492228a380be556afcec4a5e199f74c035aa4eb6072054af31 [none]
[debug] [2021-10-24T21:51:02.998Z] >>> [apiv2][body] POST https://upload-firebasehosting.googleapis.com/upload/sites/proyectoeducacion-be31a/versions/4136b5334907ff6b/files/c8168fc36e5b04492228a380be556afcec4a5e199f74c035aa4eb6072054af31 [stream]
[debug] [2021-10-24T21:51:02.999Z] >>> [apiv2][query] POST https://upload-firebasehosting.googleapis.com/upload/sites/proyectoeducacion-be31a/versions/4136b5334907ff6b/files/63b816c0feaf98f8496e152dfaac5a5935920fdeaf110b269ea6b3ba73fd8136 [none]
[debug] [2021-10-24T21:51:03.000Z] >>> [apiv2][body] POST https://upload-firebasehosting.googleapis.com/upload/sites/proyectoeducacion-be31a/versions/4136b5334907ff6b/files/63b816c0feaf98f8496e152dfaac5a5935920fdeaf110b269ea6b3ba73fd8136 [stream]
[debug] [2021-10-24T21:51:03.000Z] >>> [apiv2][query] POST https://upload-firebasehosting.googleapis.com/upload/sites/proyectoeducacion-be31a/versions/4136b5334907ff6b/files/90ce05d72106c41a5beee63f537fe23a61cffae166b2e49aa3d55cd793f5c6b6 [none]
[debug] [2021-10-24T21:51:03.000Z] >>> [apiv2][body] POST https://upload-firebasehosting.googleapis.com/upload/sites/proyectoeducacion-be31a/versions/4136b5334907ff6b/files/90ce05d72106c41a5beee63f537fe23a61cffae166b2e49aa3d55cd793f5c6b6 [stream]
[debug] [2021-10-24T21:51:03.001Z] >>> [apiv2][query] POST https://upload-firebasehosting.googleapis.com/upload/sites/proyectoeducacion-be31a/versions/4136b5334907ff6b/files/b634a80b8e0110adcae162fe161ed2fe87b8f37ce0bcbf90b23ff1cf9fa08559 [none]
[debug] [2021-10-24T21:51:03.001Z] >>> [apiv2][body] POST https://upload-firebasehosting.googleapis.com/upload/sites/proyectoeducacion-be31a/versions/4136b5334907ff6b/files/b634a80b8e0110adcae162fe161ed2fe87b8f37ce0bcbf90b23ff1cf9fa08559 [stream]
[debug] [2021-10-24T21:51:03.002Z] >>> [apiv2][query] POST https://upload-firebasehosting.googleapis.com/upload/sites/proyectoeducacion-be31a/versions/4136b5334907ff6b/files/3fd351d3e4f74f9d004f225ccfe41c3325dc35c17205d0f350995ba139d5424b [none]
[debug] [2021-10-24T21:51:03.002Z] >>> [apiv2][body] POST https://upload-firebasehosting.googleapis.com/upload/sites/proyectoeducacion-be31a/versions/4136b5334907ff6b/files/3fd351d3e4f74f9d004f225ccfe41c3325dc35c17205d0f350995ba139d5424b [stream]
[debug] [2021-10-24T21:51:03.003Z] >>> [apiv2][query] POST https://upload-firebasehosting.googleapis.com/upload/sites/proyectoeducacion-be31a/versions/4136b5334907ff6b/files/b2090cf9761ef60aa06e4fab97679bd43dfa5e5df073701ead5879d7c68f1ec5 [none]
[debug] [2021-10-24T21:51:03.003Z] >>> [apiv2][body] POST https://upload-firebasehosting.googleapis.com/upload/sites/proyectoeducacion-be31a/versions/4136b5334907ff6b/files/b2090cf9761ef60aa06e4fab97679bd43dfa5e5df073701ead5879d7c68f1ec5 [stream]
[debug] [2021-10-24T21:51:03.004Z] >>> [apiv2][query] POST https://upload-firebasehosting.googleapis.com/upload/sites/proyectoeducacion-be31a/versions/4136b5334907ff6b/files/0177bc765beea25326ec027616d47f4d74d6ad8613c609daa2f2d55067fcc29f [none]
[debug] [2021-10-24T21:51:03.004Z] >>> [apiv2][body] POST https://upload-firebasehosting.googleapis.com/upload/sites/proyectoeducacion-be31a/versions/4136b5334907ff6b/files/0177bc765beea25326ec027616d47f4d74d6ad8613c609daa2f2d55067fcc29f [stream]
[debug] [2021-10-24T21:51:03.005Z] >>> [apiv2][query] POST https://upload-firebasehosting.googleapis.com/upload/sites/proyectoeducacion-be31a/versions/4136b5334907ff6b/files/25d6515f888026db95bd5f808487b273208c116ff131e17c4d60c45ec511e687 [none]
[debug] [2021-10-24T21:51:03.005Z] >>> [apiv2][body] POST https://upload-firebasehosting.googleapis.com/upload/sites/proyectoeducacion-be31a/versions/4136b5334907ff6b/files/25d6515f888026db95bd5f808487b273208c116ff131e17c4d60c45ec511e687 [stream]
[debug] [2021-10-24T21:51:03.006Z] >>> [apiv2][query] POST https://upload-firebasehosting.googleapis.com/upload/sites/proyectoeducacion-be31a/versions/4136b5334907ff6b/files/5c997de1364b8be939319fa9209abd77f2caf7f8844999a9e2e9173f844e7840 [none]
[debug] [2021-10-24T21:51:03.006Z] >>> [apiv2][body] POST https://upload-firebasehosting.googleapis.com/upload/sites/proyectoeducacion-be31a/versions/4136b5334907ff6b/files/5c997de1364b8be939319fa9209abd77f2caf7f8844999a9e2e9173f844e7840 [stream]
[debug] [2021-10-24T21:51:03.006Z] >>> [apiv2][query] POST https://upload-firebasehosting.googleapis.com/upload/sites/proyectoeducacion-be31a/versions/4136b5334907ff6b/files/2b24927032b4efa07ccb5f9e7d63c878f37631968b5ad68466794b5af3996d2d [none]
[debug] [2021-10-24T21:51:03.007Z] >>> [apiv2][body] POST https://upload-firebasehosting.googleapis.com/upload/sites/proyectoeducacion-be31a/versions/4136b5334907ff6b/files/2b24927032b4efa07ccb5f9e7d63c878f37631968b5ad68466794b5af3996d2d [stream]
[debug] [2021-10-24T21:51:03.007Z] >>> [apiv2][query] POST https://upload-firebasehosting.googleapis.com/upload/sites/proyectoeducacion-be31a/versions/4136b5334907ff6b/files/5b8c2119a51ce7243c823edb809ce420c469b7f44c350366c9b96daa43a8d739 [none]
[debug] [2021-10-24T21:51:03.007Z] >>> [apiv2][body] POST https://upload-firebasehosting.googleapis.com/upload/sites/proyectoeducacion-be31a/versions/4136b5334907ff6b/files/5b8c2119a51ce7243c823edb809ce420c469b7f44c350366c9b96daa43a8d739 [stream]
[debug] [2021-10-24T21:51:03.008Z] >>> [apiv2][query] POST https://upload-firebasehosting.googleapis.com/upload/sites/proyectoeducacion-be31a/versions/4136b5334907ff6b/files/cba8bb9de2b55410288e8226b46187468f8b15ac952809001cf2c4c2bcc39037 [none]
[debug] [2021-10-24T21:51:03.008Z] >>> [apiv2][body] POST https://upload-firebasehosting.googleapis.com/upload/sites/proyectoeducacion-be31a/versions/4136b5334907ff6b/files/cba8bb9de2b55410288e8226b46187468f8b15ac952809001cf2c4c2bcc39037 [stream]
[debug] [2021-10-24T21:51:03.009Z] >>> [apiv2][query] POST https://upload-firebasehosting.googleapis.com/upload/sites/proyectoeducacion-be31a/versions/4136b5334907ff6b/files/bd1696b54d3afb36e7e9aa911bed38cc6cfa10b4e02d244c67c7236bf273400a [none]
[debug] [2021-10-24T21:51:03.009Z] >>> [apiv2][body] POST https://upload-firebasehosting.googleapis.com/upload/sites/proyectoeducacion-be31a/versions/4136b5334907ff6b/files/bd1696b54d3afb36e7e9aa911bed38cc6cfa10b4e02d244c67c7236bf273400a [stream]
[debug] [2021-10-24T21:51:03.010Z] >>> [apiv2][query] POST https://upload-firebasehosting.googleapis.com/upload/sites/proyectoeducacion-be31a/versions/4136b5334907ff6b/files/d5225b990aff39ba3a89276a548f971e914a7179b8e1cdd17fc78966936ac308 [none]
[debug] [2021-10-24T21:51:03.011Z] >>> [apiv2][body] POST https://upload-firebasehosting.googleapis.com/upload/sites/proyectoeducacion-be31a/versions/4136b5334907ff6b/files/d5225b990aff39ba3a89276a548f971e914a7179b8e1cdd17fc78966936ac308 [stream]
[debug] [2021-10-24T21:51:03.011Z] >>> [apiv2][query] POST https://upload-firebasehosting.googleapis.com/upload/sites/proyectoeducacion-be31a/versions/4136b5334907ff6b/files/ee6c5386c327cdaabc72ffead62c6fbce46b4fa1a9e859fc20c88cfadda1ba61 [none]
[debug] [2021-10-24T21:51:03.011Z] >>> [apiv2][body] POST https://upload-firebasehosting.googleapis.com/upload/sites/proyectoeducacion-be31a/versions/4136b5334907ff6b/files/ee6c5386c327cdaabc72ffead62c6fbce46b4fa1a9e859fc20c88cfadda1ba61 [stream]
[debug] [2021-10-24T21:51:03.012Z] >>> [apiv2][query] POST https://upload-firebasehosting.googleapis.com/upload/sites/proyectoeducacion-be31a/versions/4136b5334907ff6b/files/0b16c810e31969e0edcd27a410dbb303101611bd3b8d3df45ab6e7732fd71479 [none]
[debug] [2021-10-24T21:51:03.012Z] >>> [apiv2][body] POST https://upload-firebasehosting.googleapis.com/upload/sites/proyectoeducacion-be31a/versions/4136b5334907ff6b/files/0b16c810e31969e0edcd27a410dbb303101611bd3b8d3df45ab6e7732fd71479 [stream]
[debug] [2021-10-24T21:51:03.013Z] >>> [apiv2][query] POST https://upload-firebasehosting.googleapis.com/upload/sites/proyectoeducacion-be31a/versions/4136b5334907ff6b/files/ecf8650efa9590cf036c088b607c26a29190b9241eec16f586385f0b946c1172 [none]
[debug] [2021-10-24T21:51:03.013Z] >>> [apiv2][body] POST https://upload-firebasehosting.googleapis.com/upload/sites/proyectoeducacion-be31a/versions/4136b5334907ff6b/files/ecf8650efa9590cf036c088b607c26a29190b9241eec16f586385f0b946c1172 [stream]
[debug] [2021-10-24T21:51:03.014Z] >>> [apiv2][query] POST https://upload-firebasehosting.googleapis.com/upload/sites/proyectoeducacion-be31a/versions/4136b5334907ff6b/files/0da17168623c195b1165172e1a7e3be88b923c5075f23305b645962b86358e4b [none]
[debug] [2021-10-24T21:51:03.014Z] >>> [apiv2][body] POST https://upload-firebasehosting.googleapis.com/upload/sites/proyectoeducacion-be31a/versions/4136b5334907ff6b/files/0da17168623c195b1165172e1a7e3be88b923c5075f23305b645962b86358e4b [stream]
[debug] [2021-10-24T21:51:03.015Z] >>> [apiv2][query] POST https://upload-firebasehosting.googleapis.com/upload/sites/proyectoeducacion-be31a/versions/4136b5334907ff6b/files/2f7716941f2515ca044a86fe606f51ef1600cc9a4cfab06423ba31b287b49fab [none]
[debug] [2021-10-24T21:51:03.015Z] >>> [apiv2][body] POST https://upload-firebasehosting.googleapis.com/upload/sites/proyectoeducacion-be31a/versions/4136b5334907ff6b/files/2f7716941f2515ca044a86fe606f51ef1600cc9a4cfab06423ba31b287b49fab [stream]
[debug] [2021-10-24T21:51:03.016Z] >>> [apiv2][query] POST https://upload-firebasehosting.googleapis.com/upload/sites/proyectoeducacion-be31a/versions/4136b5334907ff6b/files/484c8cd38bd844f6f60c005e6fde90c787bea75ee7395ad26ddf2b64458ffb6c [none]
[debug] [2021-10-24T21:51:03.016Z] >>> [apiv2][body] POST https://upload-firebasehosting.googleapis.com/upload/sites/proyectoeducacion-be31a/versions/4136b5334907ff6b/files/484c8cd38bd844f6f60c005e6fde90c787bea75ee7395ad26ddf2b64458ffb6c [stream]
[debug] [2021-10-24T21:51:03.017Z] >>> [apiv2][query] POST https://upload-firebasehosting.googleapis.com/upload/sites/proyectoeducacion-be31a/versions/4136b5334907ff6b/files/fc84781052bf907a5240be9df064a5767db99b171d7b7c41e139d6e05e302150 [none]
[debug] [2021-10-24T21:51:03.017Z] >>> [apiv2][body] POST https://upload-firebasehosting.googleapis.com/upload/sites/proyectoeducacion-be31a/versions/4136b5334907ff6b/files/fc84781052bf907a5240be9df064a5767db99b171d7b7c41e139d6e05e302150 [stream]
[debug] [2021-10-24T21:51:03.017Z] >>> [apiv2][query] POST https://upload-firebasehosting.googleapis.com/upload/sites/proyectoeducacion-be31a/versions/4136b5334907ff6b/files/b0e08cf527a17814cc724ec160d8696756cc7804b42126bd31143ccab911b536 [none]
[debug] [2021-10-24T21:51:03.017Z] >>> [apiv2][body] POST https://upload-firebasehosting.googleapis.com/upload/sites/proyectoeducacion-be31a/versions/4136b5334907ff6b/files/b0e08cf527a17814cc724ec160d8696756cc7804b42126bd31143ccab911b536 [stream]
[debug] [2021-10-24T21:51:03.018Z] >>> [apiv2][query] POST https://upload-firebasehosting.googleapis.com/upload/sites/proyectoeducacion-be31a/versions/4136b5334907ff6b/files/3ec3854fad50fde809204e6fa84a8aa1b608f26887ca2f514b9bad6873b47b3f [none]
[debug] [2021-10-24T21:51:03.018Z] >>> [apiv2][body] POST https://upload-firebasehosting.googleapis.com/upload/sites/proyectoeducacion-be31a/versions/4136b5334907ff6b/files/3ec3854fad50fde809204e6fa84a8aa1b608f26887ca2f514b9bad6873b47b3f [stream]
[debug] [2021-10-24T21:51:03.019Z] >>> [apiv2][query] POST https://upload-firebasehosting.googleapis.com/upload/sites/proyectoeducacion-be31a/versions/4136b5334907ff6b/files/cff03e74858aba7c006b3e4c2403f9f76843415696f8e0c522bd9b90a2622fd4 [none]
[debug] [2021-10-24T21:51:03.019Z] >>> [apiv2][body] POST https://upload-firebasehosting.googleapis.com/upload/sites/proyectoeducacion-be31a/versions/4136b5334907ff6b/files/cff03e74858aba7c006b3e4c2403f9f76843415696f8e0c522bd9b90a2622fd4 [stream]
[debug] [2021-10-24T21:51:03.020Z] >>> [apiv2][query] POST https://upload-firebasehosting.googleapis.com/upload/sites/proyectoeducacion-be31a/versions/4136b5334907ff6b/files/0026d45b0a6824f9a6a815eb68b27f44e6e677649919478bb262be49f96f1837 [none]
[debug] [2021-10-24T21:51:03.020Z] >>> [apiv2][body] POST https://upload-firebasehosting.googleapis.com/upload/sites/proyectoeducacion-be31a/versions/4136b5334907ff6b/files/0026d45b0a6824f9a6a815eb68b27f44e6e677649919478bb262be49f96f1837 [stream]
[debug] [2021-10-24T21:51:03.020Z] >>> [apiv2][query] POST https://upload-firebasehosting.googleapis.com/upload/sites/proyectoeducacion-be31a/versions/4136b5334907ff6b/files/b48c3f7b7498ce180d0b32bf3473b702e0d2b91284efb10f32e1b65b70a41f12 [none]
[debug] [2021-10-24T21:51:03.021Z] >>> [apiv2][body] POST https://upload-firebasehosting.googleapis.com/upload/sites/proyectoeducacion-be31a/versions/4136b5334907ff6b/files/b48c3f7b7498ce180d0b32bf3473b702e0d2b91284efb10f32e1b65b70a41f12 [stream]
[debug] [2021-10-24T21:51:03.021Z] >>> [apiv2][query] POST https://upload-firebasehosting.googleapis.com/upload/sites/proyectoeducacion-be31a/versions/4136b5334907ff6b/files/ae0bbef058ec223753f6eb5a385cf0f70abf89ece143d788fb0dcbf1cd95d40a [none]
[debug] [2021-10-24T21:51:03.021Z] >>> [apiv2][body] POST https://upload-firebasehosting.googleapis.com/upload/sites/proyectoeducacion-be31a/versions/4136b5334907ff6b/files/ae0bbef058ec223753f6eb5a385cf0f70abf89ece143d788fb0dcbf1cd95d40a [stream]
[debug] [2021-10-24T21:51:03.022Z] >>> [apiv2][query] POST https://upload-firebasehosting.googleapis.com/upload/sites/proyectoeducacion-be31a/versions/4136b5334907ff6b/files/88ae32d1342d3268211229de9028f86132e7a783ef38f5ff2b961f154013edb0 [none]
[debug] [2021-10-24T21:51:03.022Z] >>> [apiv2][body] POST https://upload-firebasehosting.googleapis.com/upload/sites/proyectoeducacion-be31a/versions/4136b5334907ff6b/files/88ae32d1342d3268211229de9028f86132e7a783ef38f5ff2b961f154013edb0 [stream]
[debug] [2021-10-24T21:51:03.024Z] >>> [apiv2][query] POST https://upload-firebasehosting.googleapis.com/upload/sites/proyectoeducacion-be31a/versions/4136b5334907ff6b/files/333ca748c0ce265d8c7e06ce65cf8c692f408c35c7b66e169ba25dd09989ab3d [none]
[debug] [2021-10-24T21:51:03.024Z] >>> [apiv2][body] POST https://upload-firebasehosting.googleapis.com/upload/sites/proyectoeducacion-be31a/versions/4136b5334907ff6b/files/333ca748c0ce265d8c7e06ce65cf8c692f408c35c7b66e169ba25dd09989ab3d [stream]
[debug] [2021-10-24T21:51:03.025Z] >>> [apiv2][query] POST https://upload-firebasehosting.googleapis.com/upload/sites/proyectoeducacion-be31a/versions/4136b5334907ff6b/files/cb2aa95fce1701edafad670841d17722c86bdee3876001c3b3c8111207c68dc2 [none]
[debug] [2021-10-24T21:51:03.025Z] >>> [apiv2][body] POST https://upload-firebasehosting.googleapis.com/upload/sites/proyectoeducacion-be31a/versions/4136b5334907ff6b/files/cb2aa95fce1701edafad670841d17722c86bdee3876001c3b3c8111207c68dc2 [stream]
[debug] [2021-10-24T21:51:03.027Z] >>> [apiv2][query] POST https://upload-firebasehosting.googleapis.com/upload/sites/proyectoeducacion-be31a/versions/4136b5334907ff6b/files/04e17f8b610392a40aa998b65988f19848618c033405472e9285f552f98f04af [none]
[debug] [2021-10-24T21:51:03.027Z] >>> [apiv2][body] POST https://upload-firebasehosting.googleapis.com/upload/sites/proyectoeducacion-be31a/versions/4136b5334907ff6b/files/04e17f8b610392a40aa998b65988f19848618c033405472e9285f552f98f04af [stream]
[debug] [2021-10-24T21:51:03.027Z] >>> [apiv2][query] POST https://upload-firebasehosting.googleapis.com/upload/sites/proyectoeducacion-be31a/versions/4136b5334907ff6b/files/c62053ea6c6bc3f5aa81825c2518662065c0c7f7f0fe7c8db1cd3f4cc9362d16 [none]
[debug] [2021-10-24T21:51:03.027Z] >>> [apiv2][body] POST https://upload-firebasehosting.googleapis.com/upload/sites/proyectoeducacion-be31a/versions/4136b5334907ff6b/files/c62053ea6c6bc3f5aa81825c2518662065c0c7f7f0fe7c8db1cd3f4cc9362d16 [stream]
[debug] [2021-10-24T21:51:03.028Z] >>> [apiv2][query] POST https://upload-firebasehosting.googleapis.com/upload/sites/proyectoeducacion-be31a/versions/4136b5334907ff6b/files/1976dcf5c91f3dda8f9772592cdfabc932f3967601060ca3727f6874e7e2f103 [none]
[debug] [2021-10-24T21:51:03.028Z] >>> [apiv2][body] POST https://upload-firebasehosting.googleapis.com/upload/sites/proyectoeducacion-be31a/versions/4136b5334907ff6b/files/1976dcf5c91f3dda8f9772592cdfabc932f3967601060ca3727f6874e7e2f103 [stream]
[debug] [2021-10-24T21:51:03.029Z] >>> [apiv2][query] POST https://upload-firebasehosting.googleapis.com/upload/sites/proyectoeducacion-be31a/versions/4136b5334907ff6b/files/516ac36ec8f041e421f38485042a3bd16c1b3de3100a08b69787b847abdb3be9 [none]
[debug] [2021-10-24T21:51:03.029Z] >>> [apiv2][body] POST https://upload-firebasehosting.googleapis.com/upload/sites/proyectoeducacion-be31a/versions/4136b5334907ff6b/files/516ac36ec8f041e421f38485042a3bd16c1b3de3100a08b69787b847abdb3be9 [stream]
[debug] [2021-10-24T21:51:03.029Z] [hosting][populate queue][FINAL] {"max":3726,"min":3726,"avg":3726,"active":0,"complete":1,"success":1,"errored":0,"retried":0,"total":1,"elapsed":3769}
[debug] [2021-10-24T21:51:03.030Z] [hosting] uploads queued: 39
[debug] [2021-10-24T21:51:04.655Z] <<< [apiv2][status] POST https://upload-firebasehosting.googleapis.com/upload/sites/proyectoeducacion-be31a/versions/4136b5334907ff6b/files/9060a8c307bd1b983415475735443136aae22fc2f532cde0a72d747d45cd6c02 200
[debug] [2021-10-24T21:51:04.655Z] <<< [apiv2][body] POST https://upload-firebasehosting.googleapis.com/upload/sites/proyectoeducacion-be31a/versions/4136b5334907ff6b/files/9060a8c307bd1b983415475735443136aae22fc2f532cde0a72d747d45cd6c02 [stream]
[debug] [2021-10-24T21:51:05.092Z] <<< [apiv2][status] POST https://upload-firebasehosting.googleapis.com/upload/sites/proyectoeducacion-be31a/versions/4136b5334907ff6b/files/faf5d5aea63cdae7d8472cd6473d5bad303bf270f87e209fc61e47a4e82994fe 200
[debug] [2021-10-24T21:51:05.092Z] <<< [apiv2][body] POST https://upload-firebasehosting.googleapis.com/upload/sites/proyectoeducacion-be31a/versions/4136b5334907ff6b/files/faf5d5aea63cdae7d8472cd6473d5bad303bf270f87e209fc61e47a4e82994fe [stream]
[debug] [2021-10-24T21:51:05.191Z] <<< [apiv2][status] POST https://upload-firebasehosting.googleapis.com/upload/sites/proyectoeducacion-be31a/versions/4136b5334907ff6b/files/4b342c329c1f3bae7228ae8c7b7369f1b00eb6be09f8cee56c7f37df94773304 200
[debug] [2021-10-24T21:51:05.191Z] <<< [apiv2][body] POST https://upload-firebasehosting.googleapis.com/upload/sites/proyectoeducacion-be31a/versions/4136b5334907ff6b/files/4b342c329c1f3bae7228ae8c7b7369f1b00eb6be09f8cee56c7f37df94773304 [stream]
[debug] [2021-10-24T21:51:05.302Z] <<< [apiv2][status] POST https://upload-firebasehosting.googleapis.com/upload/sites/proyectoeducacion-be31a/versions/4136b5334907ff6b/files/63b816c0feaf98f8496e152dfaac5a5935920fdeaf110b269ea6b3ba73fd8136 200
[debug] [2021-10-24T21:51:05.302Z] <<< [apiv2][body] POST https://upload-firebasehosting.googleapis.com/upload/sites/proyectoeducacion-be31a/versions/4136b5334907ff6b/files/63b816c0feaf98f8496e152dfaac5a5935920fdeaf110b269ea6b3ba73fd8136 [stream]
[debug] [2021-10-24T21:51:05.826Z] <<< [apiv2][status] POST https://upload-firebasehosting.googleapis.com/upload/sites/proyectoeducacion-be31a/versions/4136b5334907ff6b/files/0177bc765beea25326ec027616d47f4d74d6ad8613c609daa2f2d55067fcc29f 200
[debug] [2021-10-24T21:51:05.827Z] <<< [apiv2][body] POST https://upload-firebasehosting.googleapis.com/upload/sites/proyectoeducacion-be31a/versions/4136b5334907ff6b/files/0177bc765beea25326ec027616d47f4d74d6ad8613c609daa2f2d55067fcc29f [stream]
[debug] [2021-10-24T21:51:05.939Z] <<< [apiv2][status] POST https://upload-firebasehosting.googleapis.com/upload/sites/proyectoeducacion-be31a/versions/4136b5334907ff6b/files/90ce05d72106c41a5beee63f537fe23a61cffae166b2e49aa3d55cd793f5c6b6 200
[debug] [2021-10-24T21:51:05.939Z] <<< [apiv2][body] POST https://upload-firebasehosting.googleapis.com/upload/sites/proyectoeducacion-be31a/versions/4136b5334907ff6b/files/90ce05d72106c41a5beee63f537fe23a61cffae166b2e49aa3d55cd793f5c6b6 [stream]
[debug] [2021-10-24T21:51:06.671Z] <<< [apiv2][status] POST https://upload-firebasehosting.googleapis.com/upload/sites/proyectoeducacion-be31a/versions/4136b5334907ff6b/files/f947dd9ed23eb24d2820fd086d90ecc257ee615d7f3aa84bf1705179cf554734 200
[debug] [2021-10-24T21:51:06.671Z] <<< [apiv2][body] POST https://upload-firebasehosting.googleapis.com/upload/sites/proyectoeducacion-be31a/versions/4136b5334907ff6b/files/f947dd9ed23eb24d2820fd086d90ecc257ee615d7f3aa84bf1705179cf554734 [stream]
[debug] [2021-10-24T21:51:06.912Z] <<< [apiv2][status] POST https://upload-firebasehosting.googleapis.com/upload/sites/proyectoeducacion-be31a/versions/4136b5334907ff6b/files/b634a80b8e0110adcae162fe161ed2fe87b8f37ce0bcbf90b23ff1cf9fa08559 200
[debug] [2021-10-24T21:51:06.913Z] <<< [apiv2][body] POST https://upload-firebasehosting.googleapis.com/upload/sites/proyectoeducacion-be31a/versions/4136b5334907ff6b/files/b634a80b8e0110adcae162fe161ed2fe87b8f37ce0bcbf90b23ff1cf9fa08559 [stream]
[debug] [2021-10-24T21:51:10.246Z] <<< [apiv2][status] POST https://upload-firebasehosting.googleapis.com/upload/sites/proyectoeducacion-be31a/versions/4136b5334907ff6b/files/c8168fc36e5b04492228a380be556afcec4a5e199f74c035aa4eb6072054af31 200
[debug] [2021-10-24T21:51:10.246Z] <<< [apiv2][body] POST https://upload-firebasehosting.googleapis.com/upload/sites/proyectoeducacion-be31a/versions/4136b5334907ff6b/files/c8168fc36e5b04492228a380be556afcec4a5e199f74c035aa4eb6072054af31 [stream]
[debug] [2021-10-24T21:51:10.863Z] <<< [apiv2][status] POST https://upload-firebasehosting.googleapis.com/upload/sites/proyectoeducacion-be31a/versions/4136b5334907ff6b/files/b2090cf9761ef60aa06e4fab97679bd43dfa5e5df073701ead5879d7c68f1ec5 200
[debug] [2021-10-24T21:51:10.863Z] <<< [apiv2][body] POST https://upload-firebasehosting.googleapis.com/upload/sites/proyectoeducacion-be31a/versions/4136b5334907ff6b/files/b2090cf9761ef60aa06e4fab97679bd43dfa5e5df073701ead5879d7c68f1ec5 [stream]
[debug] [2021-10-24T21:51:10.997Z] <<< [apiv2][status] POST https://upload-firebasehosting.googleapis.com/upload/sites/proyectoeducacion-be31a/versions/4136b5334907ff6b/files/2f7716941f2515ca044a86fe606f51ef1600cc9a4cfab06423ba31b287b49fab 200
[debug] [2021-10-24T21:51:10.997Z] <<< [apiv2][body] POST https://upload-firebasehosting.googleapis.com/upload/sites/proyectoeducacion-be31a/versions/4136b5334907ff6b/files/2f7716941f2515ca044a86fe606f51ef1600cc9a4cfab06423ba31b287b49fab [stream]
[debug] [2021-10-24T21:51:11.331Z] <<< [apiv2][status] POST https://upload-firebasehosting.googleapis.com/upload/sites/proyectoeducacion-be31a/versions/4136b5334907ff6b/files/b48c3f7b7498ce180d0b32bf3473b702e0d2b91284efb10f32e1b65b70a41f12 200
[debug] [2021-10-24T21:51:11.331Z] <<< [apiv2][body] POST https://upload-firebasehosting.googleapis.com/upload/sites/proyectoeducacion-be31a/versions/4136b5334907ff6b/files/b48c3f7b7498ce180d0b32bf3473b702e0d2b91284efb10f32e1b65b70a41f12 [stream]
[debug] [2021-10-24T21:51:11.366Z] <<< [apiv2][status] POST https://upload-firebasehosting.googleapis.com/upload/sites/proyectoeducacion-be31a/versions/4136b5334907ff6b/files/0b16c810e31969e0edcd27a410dbb303101611bd3b8d3df45ab6e7732fd71479 200
[debug] [2021-10-24T21:51:11.366Z] <<< [apiv2][body] POST https://upload-firebasehosting.googleapis.com/upload/sites/proyectoeducacion-be31a/versions/4136b5334907ff6b/files/0b16c810e31969e0edcd27a410dbb303101611bd3b8d3df45ab6e7732fd71479 [stream]
[debug] [2021-10-24T21:51:11.532Z] <<< [apiv2][status] POST https://upload-firebasehosting.googleapis.com/upload/sites/proyectoeducacion-be31a/versions/4136b5334907ff6b/files/25d6515f888026db95bd5f808487b273208c116ff131e17c4d60c45ec511e687 200
[debug] [2021-10-24T21:51:11.532Z] <<< [apiv2][body] POST https://upload-firebasehosting.googleapis.com/upload/sites/proyectoeducacion-be31a/versions/4136b5334907ff6b/files/25d6515f888026db95bd5f808487b273208c116ff131e17c4d60c45ec511e687 [stream]
[debug] [2021-10-24T21:51:12.260Z] <<< [apiv2][status] POST https://upload-firebasehosting.googleapis.com/upload/sites/proyectoeducacion-be31a/versions/4136b5334907ff6b/files/484c8cd38bd844f6f60c005e6fde90c787bea75ee7395ad26ddf2b64458ffb6c 200
[debug] [2021-10-24T21:51:12.260Z] <<< [apiv2][body] POST https://upload-firebasehosting.googleapis.com/upload/sites/proyectoeducacion-be31a/versions/4136b5334907ff6b/files/484c8cd38bd844f6f60c005e6fde90c787bea75ee7395ad26ddf2b64458ffb6c [stream]
[debug] [2021-10-24T21:51:12.420Z] <<< [apiv2][status] POST https://upload-firebasehosting.googleapis.com/upload/sites/proyectoeducacion-be31a/versions/4136b5334907ff6b/files/b0e08cf527a17814cc724ec160d8696756cc7804b42126bd31143ccab911b536 200
[debug] [2021-10-24T21:51:12.420Z] <<< [apiv2][body] POST https://upload-firebasehosting.googleapis.com/upload/sites/proyectoeducacion-be31a/versions/4136b5334907ff6b/files/b0e08cf527a17814cc724ec160d8696756cc7804b42126bd31143ccab911b536 [stream]
[debug] [2021-10-24T21:51:14.066Z] <<< [apiv2][status] POST https://upload-firebasehosting.googleapis.com/upload/sites/proyectoeducacion-be31a/versions/4136b5334907ff6b/files/31d8d899801ea0bb4b2b2d9c96f62cd69da13d29ed9f932712462ec52535f65e 200
[debug] [2021-10-24T21:51:14.066Z] <<< [apiv2][body] POST https://upload-firebasehosting.googleapis.com/upload/sites/proyectoeducacion-be31a/versions/4136b5334907ff6b/files/31d8d899801ea0bb4b2b2d9c96f62cd69da13d29ed9f932712462ec52535f65e [stream]
[debug] [2021-10-24T21:51:14.073Z] [uploadQueue] Retrying task 5c997de1364b8be939319fa9209abd77f2caf7f8844999a9e2e9173f844e7840
[debug] [2021-10-24T21:51:14.074Z] >>> [apiv2][query] POST https://upload-firebasehosting.googleapis.com/upload/sites/proyectoeducacion-be31a/versions/4136b5334907ff6b/files/5c997de1364b8be939319fa9209abd77f2caf7f8844999a9e2e9173f844e7840 [none]
[debug] [2021-10-24T21:51:14.074Z] >>> [apiv2][body] POST https://upload-firebasehosting.googleapis.com/upload/sites/proyectoeducacion-be31a/versions/4136b5334907ff6b/files/5c997de1364b8be939319fa9209abd77f2caf7f8844999a9e2e9173f844e7840 [stream]
[debug] [2021-10-24T21:51:14.075Z] [uploadQueue] Retrying task bd1696b54d3afb36e7e9aa911bed38cc6cfa10b4e02d244c67c7236bf273400a
[debug] [2021-10-24T21:51:14.076Z] >>> [apiv2][query] POST https://upload-firebasehosting.googleapis.com/upload/sites/proyectoeducacion-be31a/versions/4136b5334907ff6b/files/bd1696b54d3afb36e7e9aa911bed38cc6cfa10b4e02d244c67c7236bf273400a [none]
[debug] [2021-10-24T21:51:14.076Z] >>> [apiv2][body] POST https://upload-firebasehosting.googleapis.com/upload/sites/proyectoeducacion-be31a/versions/4136b5334907ff6b/files/bd1696b54d3afb36e7e9aa911bed38cc6cfa10b4e02d244c67c7236bf273400a [stream]
[debug] [2021-10-24T21:51:15.185Z] [uploadQueue] Retrying task 2b24927032b4efa07ccb5f9e7d63c878f37631968b5ad68466794b5af3996d2d
[debug] [2021-10-24T21:51:15.185Z] >>> [apiv2][query] POST https://upload-firebasehosting.googleapis.com/upload/sites/proyectoeducacion-be31a/versions/4136b5334907ff6b/files/2b24927032b4efa07ccb5f9e7d63c878f37631968b5ad68466794b5af3996d2d [none]
[debug] [2021-10-24T21:51:15.186Z] >>> [apiv2][body] POST https://upload-firebasehosting.googleapis.com/upload/sites/proyectoeducacion-be31a/versions/4136b5334907ff6b/files/2b24927032b4efa07ccb5f9e7d63c878f37631968b5ad68466794b5af3996d2d [stream]
[debug] [2021-10-24T21:51:16.267Z] <<< [apiv2][status] POST https://upload-firebasehosting.googleapis.com/upload/sites/proyectoeducacion-be31a/versions/4136b5334907ff6b/files/5c997de1364b8be939319fa9209abd77f2caf7f8844999a9e2e9173f844e7840 200
[debug] [2021-10-24T21:51:16.267Z] <<< [apiv2][body] POST https://upload-firebasehosting.googleapis.com/upload/sites/proyectoeducacion-be31a/versions/4136b5334907ff6b/files/5c997de1364b8be939319fa9209abd77f2caf7f8844999a9e2e9173f844e7840 [stream]
[debug] [2021-10-24T21:51:16.328Z] [uploadQueue] Retrying task d5225b990aff39ba3a89276a548f971e914a7179b8e1cdd17fc78966936ac308
[debug] [2021-10-24T21:51:16.328Z] >>> [apiv2][query] POST https://upload-firebasehosting.googleapis.com/upload/sites/proyectoeducacion-be31a/versions/4136b5334907ff6b/files/d5225b990aff39ba3a89276a548f971e914a7179b8e1cdd17fc78966936ac308 [none]
[debug] [2021-10-24T21:51:16.328Z] >>> [apiv2][body] POST https://upload-firebasehosting.googleapis.com/upload/sites/proyectoeducacion-be31a/versions/4136b5334907ff6b/files/d5225b990aff39ba3a89276a548f971e914a7179b8e1cdd17fc78966936ac308 [stream]
[debug] [2021-10-24T21:51:17.202Z] [uploadQueue] Retrying task ee6c5386c327cdaabc72ffead62c6fbce46b4fa1a9e859fc20c88cfadda1ba61
[debug] [2021-10-24T21:51:17.203Z] >>> [apiv2][query] POST https://upload-firebasehosting.googleapis.com/upload/sites/proyectoeducacion-be31a/versions/4136b5334907ff6b/files/ee6c5386c327cdaabc72ffead62c6fbce46b4fa1a9e859fc20c88cfadda1ba61 [none]
[debug] [2021-10-24T21:51:17.203Z] >>> [apiv2][body] POST https://upload-firebasehosting.googleapis.com/upload/sites/proyectoeducacion-be31a/versions/4136b5334907ff6b/files/ee6c5386c327cdaabc72ffead62c6fbce46b4fa1a9e859fc20c88cfadda1ba61 [stream]
[debug] [2021-10-24T21:51:17.233Z] [uploadQueue] Retrying task 5b8c2119a51ce7243c823edb809ce420c469b7f44c350366c9b96daa43a8d739
[debug] [2021-10-24T21:51:17.233Z] >>> [apiv2][query] POST https://upload-firebasehosting.googleapis.com/upload/sites/proyectoeducacion-be31a/versions/4136b5334907ff6b/files/5b8c2119a51ce7243c823edb809ce420c469b7f44c350366c9b96daa43a8d739 [none]
[debug] [2021-10-24T21:51:17.234Z] >>> [apiv2][body] POST https://upload-firebasehosting.googleapis.com/upload/sites/proyectoeducacion-be31a/versions/4136b5334907ff6b/files/5b8c2119a51ce7243c823edb809ce420c469b7f44c350366c9b96daa43a8d739 [stream]
[debug] [2021-10-24T21:51:17.235Z] [uploadQueue] Retrying task cba8bb9de2b55410288e8226b46187468f8b15ac952809001cf2c4c2bcc39037
[debug] [2021-10-24T21:51:17.235Z] >>> [apiv2][query] POST https://upload-firebasehosting.googleapis.com/upload/sites/proyectoeducacion-be31a/versions/4136b5334907ff6b/files/cba8bb9de2b55410288e8226b46187468f8b15ac952809001cf2c4c2bcc39037 [none]
[debug] [2021-10-24T21:51:17.235Z] >>> [apiv2][body] POST https://upload-firebasehosting.googleapis.com/upload/sites/proyectoeducacion-be31a/versions/4136b5334907ff6b/files/cba8bb9de2b55410288e8226b46187468f8b15ac952809001cf2c4c2bcc39037 [stream]
[debug] [2021-10-24T21:51:18.999Z] <<< [apiv2][status] POST https://upload-firebasehosting.googleapis.com/upload/sites/proyectoeducacion-be31a/versions/4136b5334907ff6b/files/c62053ea6c6bc3f5aa81825c2518662065c0c7f7f0fe7c8db1cd3f4cc9362d16 200
[debug] [2021-10-24T21:51:18.999Z] <<< [apiv2][body] POST https://upload-firebasehosting.googleapis.com/upload/sites/proyectoeducacion-be31a/versions/4136b5334907ff6b/files/c62053ea6c6bc3f5aa81825c2518662065c0c7f7f0fe7c8db1cd3f4cc9362d16 [stream]
[debug] [2021-10-24T21:51:21.697Z] <<< [apiv2][status] POST https://upload-firebasehosting.googleapis.com/upload/sites/proyectoeducacion-be31a/versions/4136b5334907ff6b/files/cba8bb9de2b55410288e8226b46187468f8b15ac952809001cf2c4c2bcc39037 200
[debug] [2021-10-24T21:51:21.697Z] <<< [apiv2][body] POST https://upload-firebasehosting.googleapis.com/upload/sites/proyectoeducacion-be31a/versions/4136b5334907ff6b/files/cba8bb9de2b55410288e8226b46187468f8b15ac952809001cf2c4c2bcc39037 [stream]
[debug] [2021-10-24T21:51:22.170Z] <<< [apiv2][status] POST https://upload-firebasehosting.googleapis.com/upload/sites/proyectoeducacion-be31a/versions/4136b5334907ff6b/files/3fd351d3e4f74f9d004f225ccfe41c3325dc35c17205d0f350995ba139d5424b 200
[debug] [2021-10-24T21:51:22.170Z] <<< [apiv2][body] POST https://upload-firebasehosting.googleapis.com/upload/sites/proyectoeducacion-be31a/versions/4136b5334907ff6b/files/3fd351d3e4f74f9d004f225ccfe41c3325dc35c17205d0f350995ba139d5424b [stream]
[debug] [2021-10-24T21:51:24.431Z] <<< [apiv2][status] POST https://upload-firebasehosting.googleapis.com/upload/sites/proyectoeducacion-be31a/versions/4136b5334907ff6b/files/5b8c2119a51ce7243c823edb809ce420c469b7f44c350366c9b96daa43a8d739 200
[debug] [2021-10-24T21:51:24.431Z] <<< [apiv2][body] POST https://upload-firebasehosting.googleapis.com/upload/sites/proyectoeducacion-be31a/versions/4136b5334907ff6b/files/5b8c2119a51ce7243c823edb809ce420c469b7f44c350366c9b96daa43a8d739 [stream]
[debug] [2021-10-24T21:51:24.724Z] [uploadQueue] Retrying task cff03e74858aba7c006b3e4c2403f9f76843415696f8e0c522bd9b90a2622fd4
[debug] [2021-10-24T21:51:24.725Z] >>> [apiv2][query] POST https://upload-firebasehosting.googleapis.com/upload/sites/proyectoeducacion-be31a/versions/4136b5334907ff6b/files/cff03e74858aba7c006b3e4c2403f9f76843415696f8e0c522bd9b90a2622fd4 [none]
[debug] [2021-10-24T21:51:24.725Z] >>> [apiv2][body] POST https://upload-firebasehosting.googleapis.com/upload/sites/proyectoeducacion-be31a/versions/4136b5334907ff6b/files/cff03e74858aba7c006b3e4c2403f9f76843415696f8e0c522bd9b90a2622fd4 [stream]
[debug] [2021-10-24T21:51:24.727Z] [uploadQueue] Retrying task cb2aa95fce1701edafad670841d17722c86bdee3876001c3b3c8111207c68dc2
[debug] [2021-10-24T21:51:24.727Z] >>> [apiv2][query] POST https://upload-firebasehosting.googleapis.com/upload/sites/proyectoeducacion-be31a/versions/4136b5334907ff6b/files/cb2aa95fce1701edafad670841d17722c86bdee3876001c3b3c8111207c68dc2 [none]
[debug] [2021-10-24T21:51:24.727Z] >>> [apiv2][body] POST https://upload-firebasehosting.googleapis.com/upload/sites/proyectoeducacion-be31a/versions/4136b5334907ff6b/files/cb2aa95fce1701edafad670841d17722c86bdee3876001c3b3c8111207c68dc2 [stream]
[debug] [2021-10-24T21:51:24.730Z] [uploadQueue] Retrying task 516ac36ec8f041e421f38485042a3bd16c1b3de3100a08b69787b847abdb3be9
[debug] [2021-10-24T21:51:24.730Z] >>> [apiv2][query] POST https://upload-firebasehosting.googleapis.com/upload/sites/proyectoeducacion-be31a/versions/4136b5334907ff6b/files/516ac36ec8f041e421f38485042a3bd16c1b3de3100a08b69787b847abdb3be9 [none]
[debug] [2021-10-24T21:51:24.730Z] >>> [apiv2][body] POST https://upload-firebasehosting.googleapis.com/upload/sites/proyectoeducacion-be31a/versions/4136b5334907ff6b/files/516ac36ec8f041e421f38485042a3bd16c1b3de3100a08b69787b847abdb3be9 [stream]
[debug] [2021-10-24T21:51:24.732Z] [uploadQueue] Retrying task 04e17f8b610392a40aa998b65988f19848618c033405472e9285f552f98f04af
[debug] [2021-10-24T21:51:24.733Z] >>> [apiv2][query] POST https://upload-firebasehosting.googleapis.com/upload/sites/proyectoeducacion-be31a/versions/4136b5334907ff6b/files/04e17f8b610392a40aa998b65988f19848618c033405472e9285f552f98f04af [none]
[debug] [2021-10-24T21:51:24.733Z] >>> [apiv2][body] POST https://upload-firebasehosting.googleapis.com/upload/sites/proyectoeducacion-be31a/versions/4136b5334907ff6b/files/04e17f8b610392a40aa998b65988f19848618c033405472e9285f552f98f04af [stream]
[debug] [2021-10-24T21:51:24.734Z] [uploadQueue] Retrying task 1976dcf5c91f3dda8f9772592cdfabc932f3967601060ca3727f6874e7e2f103
[debug] [2021-10-24T21:51:24.734Z] >>> [apiv2][query] POST https://upload-firebasehosting.googleapis.com/upload/sites/proyectoeducacion-be31a/versions/4136b5334907ff6b/files/1976dcf5c91f3dda8f9772592cdfabc932f3967601060ca3727f6874e7e2f103 [none]
[debug] [2021-10-24T21:51:24.734Z] >>> [apiv2][body] POST https://upload-firebasehosting.googleapis.com/upload/sites/proyectoeducacion-be31a/versions/4136b5334907ff6b/files/1976dcf5c91f3dda8f9772592cdfabc932f3967601060ca3727f6874e7e2f103 [stream]
[debug] [2021-10-24T21:51:24.737Z] [uploadQueue] Retrying task fc84781052bf907a5240be9df064a5767db99b171d7b7c41e139d6e05e302150
[debug] [2021-10-24T21:51:24.737Z] >>> [apiv2][query] POST https://upload-firebasehosting.googleapis.com/upload/sites/proyectoeducacion-be31a/versions/4136b5334907ff6b/files/fc84781052bf907a5240be9df064a5767db99b171d7b7c41e139d6e05e302150 [none]
[debug] [2021-10-24T21:51:24.737Z] >>> [apiv2][body] POST https://upload-firebasehosting.googleapis.com/upload/sites/proyectoeducacion-be31a/versions/4136b5334907ff6b/files/fc84781052bf907a5240be9df064a5767db99b171d7b7c41e139d6e05e302150 [stream]
[debug] [2021-10-24T21:51:24.739Z] [uploadQueue] Retrying task ae0bbef058ec223753f6eb5a385cf0f70abf89ece143d788fb0dcbf1cd95d40a
[debug] [2021-10-24T21:51:24.739Z] >>> [apiv2][query] POST https://upload-firebasehosting.googleapis.com/upload/sites/proyectoeducacion-be31a/versions/4136b5334907ff6b/files/ae0bbef058ec223753f6eb5a385cf0f70abf89ece143d788fb0dcbf1cd95d40a [none]
[debug] [2021-10-24T21:51:24.739Z] >>> [apiv2][body] POST https://upload-firebasehosting.googleapis.com/upload/sites/proyectoeducacion-be31a/versions/4136b5334907ff6b/files/ae0bbef058ec223753f6eb5a385cf0f70abf89ece143d788fb0dcbf1cd95d40a [stream]
[debug] [2021-10-24T21:51:27.326Z] <<< [apiv2][status] POST https://upload-firebasehosting.googleapis.com/upload/sites/proyectoeducacion-be31a/versions/4136b5334907ff6b/files/cff03e74858aba7c006b3e4c2403f9f76843415696f8e0c522bd9b90a2622fd4 200
[debug] [2021-10-24T21:51:27.326Z] <<< [apiv2][body] POST https://upload-firebasehosting.googleapis.com/upload/sites/proyectoeducacion-be31a/versions/4136b5334907ff6b/files/cff03e74858aba7c006b3e4c2403f9f76843415696f8e0c522bd9b90a2622fd4 [stream]
[debug] [2021-10-24T21:51:30.871Z] <<< [apiv2][status] POST https://upload-firebasehosting.googleapis.com/upload/sites/proyectoeducacion-be31a/versions/4136b5334907ff6b/files/ae0bbef058ec223753f6eb5a385cf0f70abf89ece143d788fb0dcbf1cd95d40a 200
[debug] [2021-10-24T21:51:30.871Z] <<< [apiv2][body] POST https://upload-firebasehosting.googleapis.com/upload/sites/proyectoeducacion-be31a/versions/4136b5334907ff6b/files/ae0bbef058ec223753f6eb5a385cf0f70abf89ece143d788fb0dcbf1cd95d40a [stream]
[debug] [2021-10-24T21:51:30.934Z] <<< [apiv2][status] POST https://upload-firebasehosting.googleapis.com/upload/sites/proyectoeducacion-be31a/versions/4136b5334907ff6b/files/88ae32d1342d3268211229de9028f86132e7a783ef38f5ff2b961f154013edb0 200
[debug] [2021-10-24T21:51:30.934Z] <<< [apiv2][body] POST https://upload-firebasehosting.googleapis.com/upload/sites/proyectoeducacion-be31a/versions/4136b5334907ff6b/files/88ae32d1342d3268211229de9028f86132e7a783ef38f5ff2b961f154013edb0 [stream]
[debug] [2021-10-24T21:51:33.069Z] <<< [apiv2][status] POST https://upload-firebasehosting.googleapis.com/upload/sites/proyectoeducacion-be31a/versions/4136b5334907ff6b/files/1976dcf5c91f3dda8f9772592cdfabc932f3967601060ca3727f6874e7e2f103 200
[debug] [2021-10-24T21:51:33.069Z] <<< [apiv2][body] POST https://upload-firebasehosting.googleapis.com/upload/sites/proyectoeducacion-be31a/versions/4136b5334907ff6b/files/1976dcf5c91f3dda8f9772592cdfabc932f3967601060ca3727f6874e7e2f103 [stream]
[debug] [2021-10-24T21:51:33.398Z] [uploadQueue] Retrying task ecf8650efa9590cf036c088b607c26a29190b9241eec16f586385f0b946c1172
[debug] [2021-10-24T21:51:33.399Z] >>> [apiv2][query] POST https://upload-firebasehosting.googleapis.com/upload/sites/proyectoeducacion-be31a/versions/4136b5334907ff6b/files/ecf8650efa9590cf036c088b607c26a29190b9241eec16f586385f0b946c1172 [none]
[debug] [2021-10-24T21:51:33.399Z] >>> [apiv2][body] POST https://upload-firebasehosting.googleapis.com/upload/sites/proyectoeducacion-be31a/versions/4136b5334907ff6b/files/ecf8650efa9590cf036c088b607c26a29190b9241eec16f586385f0b946c1172 [stream]
[debug] [2021-10-24T21:51:33.400Z] [uploadQueue] Retrying task 3ec3854fad50fde809204e6fa84a8aa1b608f26887ca2f514b9bad6873b47b3f
[debug] [2021-10-24T21:51:33.400Z] >>> [apiv2][query] POST https://upload-firebasehosting.googleapis.com/upload/sites/proyectoeducacion-be31a/versions/4136b5334907ff6b/files/3ec3854fad50fde809204e6fa84a8aa1b608f26887ca2f514b9bad6873b47b3f [none]
[debug] [2021-10-24T21:51:33.400Z] >>> [apiv2][body] POST https://upload-firebasehosting.googleapis.com/upload/sites/proyectoeducacion-be31a/versions/4136b5334907ff6b/files/3ec3854fad50fde809204e6fa84a8aa1b608f26887ca2f514b9bad6873b47b3f [stream]
[debug] [2021-10-24T21:51:33.401Z] [uploadQueue] Retrying task 0026d45b0a6824f9a6a815eb68b27f44e6e677649919478bb262be49f96f1837
[debug] [2021-10-24T21:51:33.401Z] >>> [apiv2][query] POST https://upload-firebasehosting.googleapis.com/upload/sites/proyectoeducacion-be31a/versions/4136b5334907ff6b/files/0026d45b0a6824f9a6a815eb68b27f44e6e677649919478bb262be49f96f1837 [none]
[debug] [2021-10-24T21:51:33.401Z] >>> [apiv2][body] POST https://upload-firebasehosting.googleapis.com/upload/sites/proyectoeducacion-be31a/versions/4136b5334907ff6b/files/0026d45b0a6824f9a6a815eb68b27f44e6e677649919478bb262be49f96f1837 [stream]
[debug] [2021-10-24T21:51:33.402Z] [uploadQueue] Retrying task 333ca748c0ce265d8c7e06ce65cf8c692f408c35c7b66e169ba25dd09989ab3d
[debug] [2021-10-24T21:51:33.402Z] >>> [apiv2][query] POST https://upload-firebasehosting.googleapis.com/upload/sites/proyectoeducacion-be31a/versions/4136b5334907ff6b/files/333ca748c0ce265d8c7e06ce65cf8c692f408c35c7b66e169ba25dd09989ab3d [none]
[debug] [2021-10-24T21:51:33.403Z] >>> [apiv2][body] POST https://upload-firebasehosting.googleapis.com/upload/sites/proyectoeducacion-be31a/versions/4136b5334907ff6b/files/333ca748c0ce265d8c7e06ce65cf8c692f408c35c7b66e169ba25dd09989ab3d [stream]
[debug] [2021-10-24T21:51:35.998Z] <<< [apiv2][status] POST https://upload-firebasehosting.googleapis.com/upload/sites/proyectoeducacion-be31a/versions/4136b5334907ff6b/files/cb2aa95fce1701edafad670841d17722c86bdee3876001c3b3c8111207c68dc2 200
[debug] [2021-10-24T21:51:35.998Z] <<< [apiv2][body] POST https://upload-firebasehosting.googleapis.com/upload/sites/proyectoeducacion-be31a/versions/4136b5334907ff6b/files/cb2aa95fce1701edafad670841d17722c86bdee3876001c3b3c8111207c68dc2 [stream]
[debug] [2021-10-24T21:51:38.017Z] <<< [apiv2][status] POST https://upload-firebasehosting.googleapis.com/upload/sites/proyectoeducacion-be31a/versions/4136b5334907ff6b/files/ecf8650efa9590cf036c088b607c26a29190b9241eec16f586385f0b946c1172 200
[debug] [2021-10-24T21:51:38.018Z] <<< [apiv2][body] POST https://upload-firebasehosting.googleapis.com/upload/sites/proyectoeducacion-be31a/versions/4136b5334907ff6b/files/ecf8650efa9590cf036c088b607c26a29190b9241eec16f586385f0b946c1172 [stream]
[debug] [2021-10-24T21:51:45.039Z] <<< [apiv2][status] POST https://upload-firebasehosting.googleapis.com/upload/sites/proyectoeducacion-be31a/versions/4136b5334907ff6b/files/516ac36ec8f041e421f38485042a3bd16c1b3de3100a08b69787b847abdb3be9 200
[debug] [2021-10-24T21:51:45.039Z] <<< [apiv2][body] POST https://upload-firebasehosting.googleapis.com/upload/sites/proyectoeducacion-be31a/versions/4136b5334907ff6b/files/516ac36ec8f041e421f38485042a3bd16c1b3de3100a08b69787b847abdb3be9 [stream]
[debug] [2021-10-24T21:51:45.993Z] [uploadQueue] Retrying task 2b24927032b4efa07ccb5f9e7d63c878f37631968b5ad68466794b5af3996d2d
[debug] [2021-10-24T21:51:45.994Z] >>> [apiv2][query] POST https://upload-firebasehosting.googleapis.com/upload/sites/proyectoeducacion-be31a/versions/4136b5334907ff6b/files/2b24927032b4efa07ccb5f9e7d63c878f37631968b5ad68466794b5af3996d2d [none]
[debug] [2021-10-24T21:51:45.994Z] >>> [apiv2][body] POST https://upload-firebasehosting.googleapis.com/upload/sites/proyectoeducacion-be31a/versions/4136b5334907ff6b/files/2b24927032b4efa07ccb5f9e7d63c878f37631968b5ad68466794b5af3996d2d [stream]
[debug] [2021-10-24T21:51:47.133Z] [uploadQueue] Retrying task d5225b990aff39ba3a89276a548f971e914a7179b8e1cdd17fc78966936ac308
[debug] [2021-10-24T21:51:47.133Z] >>> [apiv2][query] POST https://upload-firebasehosting.googleapis.com/upload/sites/proyectoeducacion-be31a/versions/4136b5334907ff6b/files/d5225b990aff39ba3a89276a548f971e914a7179b8e1cdd17fc78966936ac308 [none]
[debug] [2021-10-24T21:51:47.133Z] >>> [apiv2][body] POST https://upload-firebasehosting.googleapis.com/upload/sites/proyectoeducacion-be31a/versions/4136b5334907ff6b/files/d5225b990aff39ba3a89276a548f971e914a7179b8e1cdd17fc78966936ac308 [stream]
[debug] [2021-10-24T21:51:48.015Z] [uploadQueue] Retrying task ee6c5386c327cdaabc72ffead62c6fbce46b4fa1a9e859fc20c88cfadda1ba61
[debug] [2021-10-24T21:51:48.015Z] >>> [apiv2][query] POST https://upload-firebasehosting.googleapis.com/upload/sites/proyectoeducacion-be31a/versions/4136b5334907ff6b/files/ee6c5386c327cdaabc72ffead62c6fbce46b4fa1a9e859fc20c88cfadda1ba61 [none]
[debug] [2021-10-24T21:51:48.015Z] >>> [apiv2][body] POST https://upload-firebasehosting.googleapis.com/upload/sites/proyectoeducacion-be31a/versions/4136b5334907ff6b/files/ee6c5386c327cdaabc72ffead62c6fbce46b4fa1a9e859fc20c88cfadda1ba61 [stream]
[debug] [2021-10-24T21:51:48.859Z] <<< [apiv2][status] POST https://upload-firebasehosting.googleapis.com/upload/sites/proyectoeducacion-be31a/versions/4136b5334907ff6b/files/fc84781052bf907a5240be9df064a5767db99b171d7b7c41e139d6e05e302150 200
[debug] [2021-10-24T21:51:48.860Z] <<< [apiv2][body] POST https://upload-firebasehosting.googleapis.com/upload/sites/proyectoeducacion-be31a/versions/4136b5334907ff6b/files/fc84781052bf907a5240be9df064a5767db99b171d7b7c41e139d6e05e302150 [stream]
[debug] [2021-10-24T21:51:53.890Z] <<< [apiv2][status] POST https://upload-firebasehosting.googleapis.com/upload/sites/proyectoeducacion-be31a/versions/4136b5334907ff6b/files/ee6c5386c327cdaabc72ffead62c6fbce46b4fa1a9e859fc20c88cfadda1ba61 200
[debug] [2021-10-24T21:51:53.890Z] <<< [apiv2][body] POST https://upload-firebasehosting.googleapis.com/upload/sites/proyectoeducacion-be31a/versions/4136b5334907ff6b/files/ee6c5386c327cdaabc72ffead62c6fbce46b4fa1a9e859fc20c88cfadda1ba61 [stream]
[debug] [2021-10-24T21:52:00.874Z] [uploadQueue] Retrying task 0da17168623c195b1165172e1a7e3be88b923c5075f23305b645962b86358e4b
[debug] [2021-10-24T21:52:00.874Z] >>> [apiv2][query] POST https://upload-firebasehosting.googleapis.com/upload/sites/proyectoeducacion-be31a/versions/4136b5334907ff6b/files/0da17168623c195b1165172e1a7e3be88b923c5075f23305b645962b86358e4b [none]
[debug] [2021-10-24T21:52:00.874Z] >>> [apiv2][body] POST https://upload-firebasehosting.googleapis.com/upload/sites/proyectoeducacion-be31a/versions/4136b5334907ff6b/files/0da17168623c195b1165172e1a7e3be88b923c5075f23305b645962b86358e4b [stream]
[debug] [2021-10-24T21:52:04.208Z] [uploadQueue] Retrying task 3ec3854fad50fde809204e6fa84a8aa1b608f26887ca2f514b9bad6873b47b3f
[debug] [2021-10-24T21:52:04.209Z] >>> [apiv2][query] POST https://upload-firebasehosting.googleapis.com/upload/sites/proyectoeducacion-be31a/versions/4136b5334907ff6b/files/3ec3854fad50fde809204e6fa84a8aa1b608f26887ca2f514b9bad6873b47b3f [none]
[debug] [2021-10-24T21:52:04.209Z] >>> [apiv2][body] POST https://upload-firebasehosting.googleapis.com/upload/sites/proyectoeducacion-be31a/versions/4136b5334907ff6b/files/3ec3854fad50fde809204e6fa84a8aa1b608f26887ca2f514b9bad6873b47b3f [stream]
[debug] [2021-10-24T21:52:04.210Z] [uploadQueue] Retrying task 0026d45b0a6824f9a6a815eb68b27f44e6e677649919478bb262be49f96f1837
[debug] [2021-10-24T21:52:04.210Z] >>> [apiv2][query] POST https://upload-firebasehosting.googleapis.com/upload/sites/proyectoeducacion-be31a/versions/4136b5334907ff6b/files/0026d45b0a6824f9a6a815eb68b27f44e6e677649919478bb262be49f96f1837 [none]
[debug] [2021-10-24T21:52:04.210Z] >>> [apiv2][body] POST https://upload-firebasehosting.googleapis.com/upload/sites/proyectoeducacion-be31a/versions/4136b5334907ff6b/files/0026d45b0a6824f9a6a815eb68b27f44e6e677649919478bb262be49f96f1837 [stream]
[debug] [2021-10-24T21:52:04.212Z] [uploadQueue] Retrying task 333ca748c0ce265d8c7e06ce65cf8c692f408c35c7b66e169ba25dd09989ab3d
[debug] [2021-10-24T21:52:04.212Z] >>> [apiv2][query] POST https://upload-firebasehosting.googleapis.com/upload/sites/proyectoeducacion-be31a/versions/4136b5334907ff6b/files/333ca748c0ce265d8c7e06ce65cf8c692f408c35c7b66e169ba25dd09989ab3d [none]
[debug] [2021-10-24T21:52:04.212Z] >>> [apiv2][body] POST https://upload-firebasehosting.googleapis.com/upload/sites/proyectoeducacion-be31a/versions/4136b5334907ff6b/files/333ca748c0ce265d8c7e06ce65cf8c692f408c35c7b66e169ba25dd09989ab3d [stream]
[debug] [2021-10-24T21:52:05.304Z] [uploadQueue] Retrying task bd1696b54d3afb36e7e9aa911bed38cc6cfa10b4e02d244c67c7236bf273400a
[debug] [2021-10-24T21:52:05.305Z] >>> [apiv2][query] POST https://upload-firebasehosting.googleapis.com/upload/sites/proyectoeducacion-be31a/versions/4136b5334907ff6b/files/bd1696b54d3afb36e7e9aa911bed38cc6cfa10b4e02d244c67c7236bf273400a [none]
[debug] [2021-10-24T21:52:05.305Z] >>> [apiv2][body] POST https://upload-firebasehosting.googleapis.com/upload/sites/proyectoeducacion-be31a/versions/4136b5334907ff6b/files/bd1696b54d3afb36e7e9aa911bed38cc6cfa10b4e02d244c67c7236bf273400a [stream]
[debug] [2021-10-24T21:52:09.007Z] <<< [apiv2][status] POST https://upload-firebasehosting.googleapis.com/upload/sites/proyectoeducacion-be31a/versions/4136b5334907ff6b/files/0026d45b0a6824f9a6a815eb68b27f44e6e677649919478bb262be49f96f1837 200
[debug] [2021-10-24T21:52:09.007Z] <<< [apiv2][body] POST https://upload-firebasehosting.googleapis.com/upload/sites/proyectoeducacion-be31a/versions/4136b5334907ff6b/files/0026d45b0a6824f9a6a815eb68b27f44e6e677649919478bb262be49f96f1837 [stream]
[debug] [2021-10-24T21:52:17.598Z] [uploadQueue] Retrying task 2b24927032b4efa07ccb5f9e7d63c878f37631968b5ad68466794b5af3996d2d
[debug] [2021-10-24T21:52:17.598Z] >>> [apiv2][query] POST https://upload-firebasehosting.googleapis.com/upload/sites/proyectoeducacion-be31a/versions/4136b5334907ff6b/files/2b24927032b4efa07ccb5f9e7d63c878f37631968b5ad68466794b5af3996d2d [none]
[debug] [2021-10-24T21:52:17.598Z] >>> [apiv2][body] POST https://upload-firebasehosting.googleapis.com/upload/sites/proyectoeducacion-be31a/versions/4136b5334907ff6b/files/2b24927032b4efa07ccb5f9e7d63c878f37631968b5ad68466794b5af3996d2d [stream]
[debug] [2021-10-24T21:52:18.759Z] [uploadQueue] Retrying task d5225b990aff39ba3a89276a548f971e914a7179b8e1cdd17fc78966936ac308
[debug] [2021-10-24T21:52:18.760Z] >>> [apiv2][query] POST https://upload-firebasehosting.googleapis.com/upload/sites/proyectoeducacion-be31a/versions/4136b5334907ff6b/files/d5225b990aff39ba3a89276a548f971e914a7179b8e1cdd17fc78966936ac308 [none]
[debug] [2021-10-24T21:52:18.760Z] >>> [apiv2][body] POST https://upload-firebasehosting.googleapis.com/upload/sites/proyectoeducacion-be31a/versions/4136b5334907ff6b/files/d5225b990aff39ba3a89276a548f971e914a7179b8e1cdd17fc78966936ac308 [stream]
[debug] [2021-10-24T21:52:35.829Z] [uploadQueue] Retrying task 3ec3854fad50fde809204e6fa84a8aa1b608f26887ca2f514b9bad6873b47b3f
[debug] [2021-10-24T21:52:35.830Z] >>> [apiv2][query] POST https://upload-firebasehosting.googleapis.com/upload/sites/proyectoeducacion-be31a/versions/4136b5334907ff6b/files/3ec3854fad50fde809204e6fa84a8aa1b608f26887ca2f514b9bad6873b47b3f [none]
[debug] [2021-10-24T21:52:35.830Z] >>> [apiv2][body] POST https://upload-firebasehosting.googleapis.com/upload/sites/proyectoeducacion-be31a/versions/4136b5334907ff6b/files/3ec3854fad50fde809204e6fa84a8aa1b608f26887ca2f514b9bad6873b47b3f [stream]
[debug] [2021-10-24T21:52:35.832Z] [uploadQueue] Retrying task 333ca748c0ce265d8c7e06ce65cf8c692f408c35c7b66e169ba25dd09989ab3d
[debug] [2021-10-24T21:52:35.832Z] >>> [apiv2][query] POST https://upload-firebasehosting.googleapis.com/upload/sites/proyectoeducacion-be31a/versions/4136b5334907ff6b/files/333ca748c0ce265d8c7e06ce65cf8c692f408c35c7b66e169ba25dd09989ab3d [none]
[debug] [2021-10-24T21:52:35.832Z] >>> [apiv2][body] POST https://upload-firebasehosting.googleapis.com/upload/sites/proyectoeducacion-be31a/versions/4136b5334907ff6b/files/333ca748c0ce265d8c7e06ce65cf8c692f408c35c7b66e169ba25dd09989ab3d [stream]
[debug] [2021-10-24T21:52:50.812Z] [uploadQueue] Retrying task 2b24927032b4efa07ccb5f9e7d63c878f37631968b5ad68466794b5af3996d2d
[debug] [2021-10-24T21:52:50.812Z] >>> [apiv2][query] POST https://upload-firebasehosting.googleapis.com/upload/sites/proyectoeducacion-be31a/versions/4136b5334907ff6b/files/2b24927032b4efa07ccb5f9e7d63c878f37631968b5ad68466794b5af3996d2d [none]
[debug] [2021-10-24T21:52:50.812Z] >>> [apiv2][body] POST https://upload-firebasehosting.googleapis.com/upload/sites/proyectoeducacion-be31a/versions/4136b5334907ff6b/files/2b24927032b4efa07ccb5f9e7d63c878f37631968b5ad68466794b5af3996d2d [stream]
[debug] [2021-10-24T21:52:51.988Z] [uploadQueue] Retrying task d5225b990aff39ba3a89276a548f971e914a7179b8e1cdd17fc78966936ac308
[debug] [2021-10-24T21:52:51.989Z] >>> [apiv2][query] POST https://upload-firebasehosting.googleapis.com/upload/sites/proyectoeducacion-be31a/versions/4136b5334907ff6b/files/d5225b990aff39ba3a89276a548f971e914a7179b8e1cdd17fc78966936ac308 [none]
[debug] [2021-10-24T21:52:51.989Z] >>> [apiv2][body] POST https://upload-firebasehosting.googleapis.com/upload/sites/proyectoeducacion-be31a/versions/4136b5334907ff6b/files/d5225b990aff39ba3a89276a548f971e914a7179b8e1cdd17fc78966936ac308 [stream]
[debug] [2021-10-24T21:52:57.335Z] [uploadQueue] Retrying task bd1696b54d3afb36e7e9aa911bed38cc6cfa10b4e02d244c67c7236bf273400a
[debug] [2021-10-24T21:52:57.336Z] >>> [apiv2][query] POST https://upload-firebasehosting.googleapis.com/upload/sites/proyectoeducacion-be31a/versions/4136b5334907ff6b/files/bd1696b54d3afb36e7e9aa911bed38cc6cfa10b4e02d244c67c7236bf273400a [none]
[debug] [2021-10-24T21:52:57.336Z] >>> [apiv2][body] POST https://upload-firebasehosting.googleapis.com/upload/sites/proyectoeducacion-be31a/versions/4136b5334907ff6b/files/bd1696b54d3afb36e7e9aa911bed38cc6cfa10b4e02d244c67c7236bf273400a [stream]
[debug] [2021-10-24T21:52:59.179Z] [uploadQueue] Retrying task 0da17168623c195b1165172e1a7e3be88b923c5075f23305b645962b86358e4b
[debug] [2021-10-24T21:52:59.179Z] >>> [apiv2][query] POST https://upload-firebasehosting.googleapis.com/upload/sites/proyectoeducacion-be31a/versions/4136b5334907ff6b/files/0da17168623c195b1165172e1a7e3be88b923c5075f23305b645962b86358e4b [none]
[debug] [2021-10-24T21:52:59.180Z] >>> [apiv2][body] POST https://upload-firebasehosting.googleapis.com/upload/sites/proyectoeducacion-be31a/versions/4136b5334907ff6b/files/0da17168623c195b1165172e1a7e3be88b923c5075f23305b645962b86358e4b [stream]
[debug] [2021-10-24T21:53:09.038Z] [uploadQueue] Retrying task 3ec3854fad50fde809204e6fa84a8aa1b608f26887ca2f514b9bad6873b47b3f
[debug] [2021-10-24T21:53:09.039Z] >>> [apiv2][query] POST https://upload-firebasehosting.googleapis.com/upload/sites/proyectoeducacion-be31a/versions/4136b5334907ff6b/files/3ec3854fad50fde809204e6fa84a8aa1b608f26887ca2f514b9bad6873b47b3f [none]
[debug] [2021-10-24T21:53:09.039Z] >>> [apiv2][body] POST https://upload-firebasehosting.googleapis.com/upload/sites/proyectoeducacion-be31a/versions/4136b5334907ff6b/files/3ec3854fad50fde809204e6fa84a8aa1b608f26887ca2f514b9bad6873b47b3f [stream]
[debug] [2021-10-24T21:53:09.040Z] [uploadQueue] Retrying task 333ca748c0ce265d8c7e06ce65cf8c692f408c35c7b66e169ba25dd09989ab3d
[debug] [2021-10-24T21:53:09.040Z] >>> [apiv2][query] POST https://upload-firebasehosting.googleapis.com/upload/sites/proyectoeducacion-be31a/versions/4136b5334907ff6b/files/333ca748c0ce265d8c7e06ce65cf8c692f408c35c7b66e169ba25dd09989ab3d [none]
[debug] [2021-10-24T21:53:09.040Z] >>> [apiv2][body] POST https://upload-firebasehosting.googleapis.com/upload/sites/proyectoeducacion-be31a/versions/4136b5334907ff6b/files/333ca748c0ce265d8c7e06ce65cf8c692f408c35c7b66e169ba25dd09989ab3d [stream]
